{"/Users/josefberthoud/Desktop/FEC-2/reviews-component/client/src/components/Aggregates.jsx": {"path":"/Users/josefberthoud/Desktop/FEC-2/reviews-component/client/src/components/Aggregates.jsx","statementMap":{"0":{"start":{"line":11,"column":19},"end":{"line":22,"column":1}},"1":{"start":{"line":12,"column":2},"end":{"line":21,"column":8}}},"fnMap":{"0":{"name":"(anonymous_0)","decl":{"start":{"line":11,"column":19},"end":{"line":11,"column":20}},"loc":{"start":{"line":12,"column":2},"end":{"line":21,"column":8}},"line":12}},"branchMap":{},"s":{"0":1,"1":1},"f":{"0":1},"b":{},"_coverageSchema":"43e27e138ebf9cfc5966b082cf9a028302ed4184","hash":"233973bc45b9958852210d9f5184a0cb9ffe5cb5"}
,"/Users/josefberthoud/Desktop/FEC-2/reviews-component/client/src/components/App.jsx": {"path":"/Users/josefberthoud/Desktop/FEC-2/reviews-component/client/src/components/App.jsx","statementMap":{"0":{"start":{"line":11,"column":4},"end":{"line":11,"column":17}},"1":{"start":{"line":13,"column":4},"end":{"line":19,"column":6}},"2":{"start":{"line":20,"column":4},"end":{"line":20,"column":53}},"3":{"start":{"line":21,"column":4},"end":{"line":21,"column":67}},"4":{"start":{"line":22,"column":4},"end":{"line":22,"column":49}},"5":{"start":{"line":26,"column":4},"end":{"line":34,"column":6}},"6":{"start":{"line":27,"column":6},"end":{"line":30,"column":8}},"7":{"start":{"line":33,"column":6},"end":{"line":33,"column":23}},"8":{"start":{"line":38,"column":38},"end":{"line":38,"column":48}},"9":{"start":{"line":39,"column":4},"end":{"line":41,"column":5}},"10":{"start":{"line":40,"column":6},"end":{"line":40,"column":33}},"11":{"start":{"line":45,"column":4},"end":{"line":45,"column":48}},"12":{"start":{"line":46,"column":18},"end":{"line":46,"column":48}},"13":{"start":{"line":47,"column":4},"end":{"line":63,"column":6}},"14":{"start":{"line":55,"column":6},"end":{"line":59,"column":8}},"15":{"start":{"line":62,"column":6},"end":{"line":62,"column":23}},"16":{"start":{"line":67,"column":4},"end":{"line":67,"column":23}},"17":{"start":{"line":68,"column":26},"end":{"line":68,"column":56}},"18":{"start":{"line":69,"column":24},"end":{"line":69,"column":34}},"19":{"start":{"line":70,"column":4},"end":{"line":75,"column":5}},"20":{"start":{"line":71,"column":6},"end":{"line":74,"column":9}},"21":{"start":{"line":82,"column":27},"end":{"line":82,"column":37}},"22":{"start":{"line":83,"column":4},"end":{"line":99,"column":6}},"23":{"start":{"line":91,"column":6},"end":{"line":95,"column":8}},"24":{"start":{"line":98,"column":6},"end":{"line":98,"column":23}},"25":{"start":{"line":103,"column":59},"end":{"line":103,"column":69}},"26":{"start":{"line":104,"column":41},"end":{"line":104,"column":45}},"27":{"start":{"line":105,"column":4},"end":{"line":119,"column":5}}},"fnMap":{"0":{"name":"(anonymous_0)","decl":{"start":{"line":10,"column":2},"end":{"line":10,"column":3}},"loc":{"start":{"line":10,"column":21},"end":{"line":23,"column":3}},"line":10},"1":{"name":"(anonymous_1)","decl":{"start":{"line":25,"column":2},"end":{"line":25,"column":3}},"loc":{"start":{"line":25,"column":22},"end":{"line":35,"column":3}},"line":25},"2":{"name":"(anonymous_2)","decl":{"start":{"line":26,"column":31},"end":{"line":26,"column":32}},"loc":{"start":{"line":26,"column":45},"end":{"line":31,"column":5}},"line":26},"3":{"name":"(anonymous_3)","decl":{"start":{"line":32,"column":11},"end":{"line":32,"column":12}},"loc":{"start":{"line":32,"column":20},"end":{"line":34,"column":5}},"line":32},"4":{"name":"(anonymous_4)","decl":{"start":{"line":37,"column":2},"end":{"line":37,"column":3}},"loc":{"start":{"line":37,"column":23},"end":{"line":42,"column":3}},"line":37},"5":{"name":"(anonymous_5)","decl":{"start":{"line":44,"column":2},"end":{"line":44,"column":3}},"loc":{"start":{"line":44,"column":16},"end":{"line":64,"column":3}},"line":44},"6":{"name":"(anonymous_6)","decl":{"start":{"line":54,"column":10},"end":{"line":54,"column":11}},"loc":{"start":{"line":54,"column":24},"end":{"line":60,"column":5}},"line":54},"7":{"name":"(anonymous_7)","decl":{"start":{"line":61,"column":11},"end":{"line":61,"column":12}},"loc":{"start":{"line":61,"column":20},"end":{"line":63,"column":5}},"line":61},"8":{"name":"(anonymous_8)","decl":{"start":{"line":66,"column":2},"end":{"line":66,"column":3}},"loc":{"start":{"line":66,"column":18},"end":{"line":79,"column":3}},"line":66},"9":{"name":"(anonymous_9)","decl":{"start":{"line":81,"column":2},"end":{"line":81,"column":3}},"loc":{"start":{"line":81,"column":24},"end":{"line":100,"column":3}},"line":81},"10":{"name":"(anonymous_10)","decl":{"start":{"line":90,"column":10},"end":{"line":90,"column":11}},"loc":{"start":{"line":90,"column":24},"end":{"line":96,"column":5}},"line":90},"11":{"name":"(anonymous_11)","decl":{"start":{"line":97,"column":11},"end":{"line":97,"column":12}},"loc":{"start":{"line":97,"column":20},"end":{"line":99,"column":5}},"line":97},"12":{"name":"(anonymous_12)","decl":{"start":{"line":102,"column":2},"end":{"line":102,"column":3}},"loc":{"start":{"line":102,"column":11},"end":{"line":120,"column":3}},"line":102}},"branchMap":{"0":{"loc":{"start":{"line":39,"column":4},"end":{"line":41,"column":5}},"type":"if","locations":[{"start":{"line":39,"column":4},"end":{"line":41,"column":5}},{"start":{"line":39,"column":4},"end":{"line":41,"column":5}}],"line":39},"1":{"loc":{"start":{"line":39,"column":8},"end":{"line":39,"column":49}},"type":"binary-expr","locations":[{"start":{"line":39,"column":8},"end":{"line":39,"column":27}},{"start":{"line":39,"column":31},"end":{"line":39,"column":49}}],"line":39},"2":{"loc":{"start":{"line":70,"column":4},"end":{"line":75,"column":5}},"type":"if","locations":[{"start":{"line":70,"column":4},"end":{"line":75,"column":5}},{"start":{"line":70,"column":4},"end":{"line":75,"column":5}}],"line":70},"3":{"loc":{"start":{"line":110,"column":14},"end":{"line":110,"column":59}},"type":"cond-expr","locations":[{"start":{"line":110,"column":26},"end":{"line":110,"column":41}},{"start":{"line":110,"column":44},"end":{"line":110,"column":59}}],"line":110}},"s":{"0":1,"1":1,"2":1,"3":1,"4":1,"5":0,"6":0,"7":0,"8":0,"9":0,"10":0,"11":0,"12":0,"13":0,"14":0,"15":0,"16":0,"17":0,"18":0,"19":0,"20":0,"21":0,"22":0,"23":0,"24":0,"25":1,"26":1,"27":1},"f":{"0":1,"1":0,"2":0,"3":0,"4":0,"5":0,"6":0,"7":0,"8":0,"9":0,"10":0,"11":0,"12":1},"b":{"0":[0,0],"1":[0,0],"2":[0,0],"3":[0,1]},"_coverageSchema":"43e27e138ebf9cfc5966b082cf9a028302ed4184","hash":"d31601bcfe233811f90b033c705141861fe83cfb"}
,"/Users/josefberthoud/Desktop/FEC-2/reviews-component/client/src/components/LeftArrow.jsx": {"path":"/Users/josefberthoud/Desktop/FEC-2/reviews-component/client/src/components/LeftArrow.jsx","statementMap":{"0":{"start":{"line":3,"column":18},"end":{"line":8,"column":1}},"1":{"start":{"line":4,"column":30},"end":{"line":4,"column":35}},"2":{"start":{"line":5,"column":2},"end":{"line":7,"column":3}}},"fnMap":{"0":{"name":"(anonymous_0)","decl":{"start":{"line":3,"column":18},"end":{"line":3,"column":19}},"loc":{"start":{"line":3,"column":29},"end":{"line":8,"column":1}},"line":3}},"branchMap":{},"s":{"0":1,"1":1,"2":1},"f":{"0":1},"b":{},"_coverageSchema":"43e27e138ebf9cfc5966b082cf9a028302ed4184","hash":"e3c063146ef30818fc98224f5227d32ea8dfa499"}
,"/Users/josefberthoud/Desktop/FEC-2/reviews-component/client/src/components/PageCarousel.jsx": {"path":"/Users/josefberthoud/Desktop/FEC-2/reviews-component/client/src/components/PageCarousel.jsx","statementMap":{"0":{"start":{"line":15,"column":4},"end":{"line":15,"column":17}},"1":{"start":{"line":17,"column":4},"end":{"line":17,"column":20}},"2":{"start":{"line":22,"column":46},"end":{"line":22,"column":56}},"3":{"start":{"line":23,"column":4},"end":{"line":40,"column":5}},"4":{"start":{"line":24,"column":6},"end":{"line":32,"column":7}},"5":{"start":{"line":34,"column":6},"end":{"line":39,"column":7}}},"fnMap":{"0":{"name":"(anonymous_0)","decl":{"start":{"line":14,"column":2},"end":{"line":14,"column":3}},"loc":{"start":{"line":14,"column":21},"end":{"line":18,"column":3}},"line":14},"1":{"name":"(anonymous_1)","decl":{"start":{"line":21,"column":2},"end":{"line":21,"column":3}},"loc":{"start":{"line":21,"column":11},"end":{"line":41,"column":3}},"line":21}},"branchMap":{"0":{"loc":{"start":{"line":23,"column":4},"end":{"line":40,"column":5}},"type":"if","locations":[{"start":{"line":23,"column":4},"end":{"line":40,"column":5}},{"start":{"line":23,"column":4},"end":{"line":40,"column":5}}],"line":23},"1":{"loc":{"start":{"line":23,"column":8},"end":{"line":23,"column":39}},"type":"binary-expr","locations":[{"start":{"line":23,"column":8},"end":{"line":23,"column":26}},{"start":{"line":23,"column":30},"end":{"line":23,"column":39}}],"line":23}},"s":{"0":1,"1":1,"2":1,"3":1,"4":0,"5":1},"f":{"0":1,"1":1},"b":{"0":[0,1],"1":[1,0]},"_coverageSchema":"43e27e138ebf9cfc5966b082cf9a028302ed4184","hash":"9fdb0184c28400b75a297bf2cd000eebbddf3d39"}
,"/Users/josefberthoud/Desktop/FEC-2/reviews-component/client/src/components/ReviewList.jsx": {"path":"/Users/josefberthoud/Desktop/FEC-2/reviews-component/client/src/components/ReviewList.jsx","statementMap":{"0":{"start":{"line":8,"column":19},"end":{"line":23,"column":1}},"1":{"start":{"line":10,"column":20},"end":{"line":10,"column":25}},"2":{"start":{"line":11,"column":2},"end":{"line":22,"column":3}},"3":{"start":{"line":15,"column":10},"end":{"line":18,"column":12}}},"fnMap":{"0":{"name":"(anonymous_0)","decl":{"start":{"line":8,"column":19},"end":{"line":8,"column":20}},"loc":{"start":{"line":8,"column":30},"end":{"line":23,"column":1}},"line":8},"1":{"name":"(anonymous_1)","decl":{"start":{"line":14,"column":21},"end":{"line":14,"column":22}},"loc":{"start":{"line":15,"column":10},"end":{"line":18,"column":12}},"line":15}},"branchMap":{},"s":{"0":1,"1":1,"2":1,"3":0},"f":{"0":1,"1":0},"b":{},"_coverageSchema":"43e27e138ebf9cfc5966b082cf9a028302ed4184","hash":"ddd7e0e5fa5ecd8ed1b1c74519ffcfe315463a4a"}
,"/Users/josefberthoud/Desktop/FEC-2/reviews-component/client/src/components/ReviewListEntry.jsx": {"path":"/Users/josefberthoud/Desktop/FEC-2/reviews-component/client/src/components/ReviewListEntry.jsx","statementMap":{"0":{"start":{"line":5,"column":24},"end":{"line":13,"column":1}},"1":{"start":{"line":6,"column":19},"end":{"line":6,"column":24}},"2":{"start":{"line":7,"column":2},"end":{"line":12,"column":3}}},"fnMap":{"0":{"name":"(anonymous_0)","decl":{"start":{"line":5,"column":24},"end":{"line":5,"column":25}},"loc":{"start":{"line":5,"column":35},"end":{"line":13,"column":1}},"line":5}},"branchMap":{},"s":{"0":1,"1":1,"2":1},"f":{"0":1},"b":{},"_coverageSchema":"43e27e138ebf9cfc5966b082cf9a028302ed4184","hash":"e10e78e85555a4702e37f11887e64f4e37d2095e"}
,"/Users/josefberthoud/Desktop/FEC-2/reviews-component/client/src/components/RightArrow.jsx": {"path":"/Users/josefberthoud/Desktop/FEC-2/reviews-component/client/src/components/RightArrow.jsx","statementMap":{"0":{"start":{"line":3,"column":19},"end":{"line":8,"column":1}},"1":{"start":{"line":4,"column":30},"end":{"line":4,"column":35}},"2":{"start":{"line":5,"column":2},"end":{"line":7,"column":3}}},"fnMap":{"0":{"name":"(anonymous_0)","decl":{"start":{"line":3,"column":19},"end":{"line":3,"column":20}},"loc":{"start":{"line":3,"column":30},"end":{"line":8,"column":1}},"line":3}},"branchMap":{},"s":{"0":1,"1":1,"2":1},"f":{"0":1},"b":{},"_coverageSchema":"43e27e138ebf9cfc5966b082cf9a028302ed4184","hash":"3222685ddc88b325a8bcf51e3eacc88aeb972c0e"}
,"/Users/josefberthoud/Desktop/FEC-2/reviews-component/client/src/components/Search.jsx": {"path":"/Users/josefberthoud/Desktop/FEC-2/reviews-component/client/src/components/Search.jsx","statementMap":{"0":{"start":{"line":5,"column":4},"end":{"line":5,"column":17}},"1":{"start":{"line":7,"column":4},"end":{"line":9,"column":6}},"2":{"start":{"line":10,"column":4},"end":{"line":10,"column":59}},"3":{"start":{"line":16,"column":4},"end":{"line":18,"column":7}},"4":{"start":{"line":22,"column":23},"end":{"line":22,"column":33}},"5":{"start":{"line":23,"column":22},"end":{"line":23,"column":32}},"6":{"start":{"line":24,"column":4},"end":{"line":33,"column":5}}},"fnMap":{"0":{"name":"(anonymous_0)","decl":{"start":{"line":4,"column":2},"end":{"line":4,"column":3}},"loc":{"start":{"line":4,"column":21},"end":{"line":11,"column":3}},"line":4},"1":{"name":"(anonymous_1)","decl":{"start":{"line":15,"column":2},"end":{"line":15,"column":3}},"loc":{"start":{"line":15,"column":25},"end":{"line":19,"column":3}},"line":15},"2":{"name":"(anonymous_2)","decl":{"start":{"line":21,"column":2},"end":{"line":21,"column":3}},"loc":{"start":{"line":21,"column":11},"end":{"line":34,"column":3}},"line":21}},"branchMap":{},"s":{"0":1,"1":1,"2":1,"3":0,"4":1,"5":1,"6":1},"f":{"0":1,"1":0,"2":1},"b":{},"_coverageSchema":"43e27e138ebf9cfc5966b082cf9a028302ed4184","hash":"1be45e6f7601e51cb3a1ed52c2c3cd65fabc7fec"}
,"/Users/josefberthoud/Desktop/FEC-2/reviews-component/client/src/components/SearchInfo.jsx": {"path":"/Users/josefberthoud/Desktop/FEC-2/reviews-component/client/src/components/SearchInfo.jsx","statementMap":{"0":{"start":{"line":6,"column":19},"end":{"line":16,"column":1}},"1":{"start":{"line":7,"column":2},"end":{"line":15,"column":3}}},"fnMap":{"0":{"name":"(anonymous_0)","decl":{"start":{"line":6,"column":19},"end":{"line":6,"column":20}},"loc":{"start":{"line":6,"column":25},"end":{"line":16,"column":1}},"line":6}},"branchMap":{},"s":{"0":1,"1":0},"f":{"0":0},"b":{},"_coverageSchema":"43e27e138ebf9cfc5966b082cf9a028302ed4184","hash":"101061b2eb33b395761ab14a923c8887b4084079"}
,"/Users/josefberthoud/Desktop/FEC-2/reviews-component/client/src/components/SmartDiv.jsx": {"path":"/Users/josefberthoud/Desktop/FEC-2/reviews-component/client/src/components/SmartDiv.jsx","statementMap":{"0":{"start":{"line":5,"column":4},"end":{"line":5,"column":17}},"1":{"start":{"line":7,"column":4},"end":{"line":9,"column":6}},"2":{"start":{"line":15,"column":32},"end":{"line":15,"column":42}},"3":{"start":{"line":16,"column":4},"end":{"line":18,"column":5}}},"fnMap":{"0":{"name":"(anonymous_0)","decl":{"start":{"line":4,"column":2},"end":{"line":4,"column":3}},"loc":{"start":{"line":4,"column":21},"end":{"line":10,"column":3}},"line":4},"1":{"name":"(anonymous_1)","decl":{"start":{"line":14,"column":2},"end":{"line":14,"column":3}},"loc":{"start":{"line":14,"column":11},"end":{"line":19,"column":3}},"line":14}},"branchMap":{},"s":{"0":1,"1":1,"2":1,"3":1},"f":{"0":1,"1":1},"b":{},"_coverageSchema":"43e27e138ebf9cfc5966b082cf9a028302ed4184","hash":"a0bea997afaa23af1ec38a738bf734a1845ca4e3"}
}
