TN:
SF:/Users/josefberthoud/Desktop/FEC-2/reviews-component/client/src/components/Aggregates.jsx
FN:11,(anonymous_0)
FNF:1
FNH:1
FNDA:1,(anonymous_0)
DA:11,1
DA:12,1
LF:2
LH:2
BRF:0
BRH:0
end_of_record
TN:
SF:/Users/josefberthoud/Desktop/FEC-2/reviews-component/client/src/components/App.jsx
FN:10,(anonymous_0)
FN:25,(anonymous_1)
FN:26,(anonymous_2)
FN:32,(anonymous_3)
FN:37,(anonymous_4)
FN:44,(anonymous_5)
FN:54,(anonymous_6)
FN:61,(anonymous_7)
FN:66,(anonymous_8)
FN:81,(anonymous_9)
FN:90,(anonymous_10)
FN:97,(anonymous_11)
FN:102,(anonymous_12)
FNF:13
FNH:2
FNDA:1,(anonymous_0)
FNDA:0,(anonymous_1)
FNDA:0,(anonymous_2)
FNDA:0,(anonymous_3)
FNDA:0,(anonymous_4)
FNDA:0,(anonymous_5)
FNDA:0,(anonymous_6)
FNDA:0,(anonymous_7)
FNDA:0,(anonymous_8)
FNDA:0,(anonymous_9)
FNDA:0,(anonymous_10)
FNDA:0,(anonymous_11)
FNDA:1,(anonymous_12)
DA:11,1
DA:13,1
DA:20,1
DA:21,1
DA:22,1
DA:26,0
DA:27,0
DA:33,0
DA:38,0
DA:39,0
DA:40,0
DA:45,0
DA:46,0
DA:47,0
DA:55,0
DA:62,0
DA:67,0
DA:68,0
DA:69,0
DA:70,0
DA:71,0
DA:82,0
DA:83,0
DA:91,0
DA:98,0
DA:103,1
DA:104,1
DA:105,1
LF:28
LH:8
BRDA:39,0,0,0
BRDA:39,0,1,0
BRDA:39,1,0,0
BRDA:39,1,1,0
BRDA:70,2,0,0
BRDA:70,2,1,0
BRDA:110,3,0,0
BRDA:110,3,1,1
BRF:8
BRH:1
end_of_record
TN:
SF:/Users/josefberthoud/Desktop/FEC-2/reviews-component/client/src/components/LeftArrow.jsx
FN:3,(anonymous_0)
FNF:1
FNH:1
FNDA:1,(anonymous_0)
DA:3,1
DA:4,1
DA:5,1
LF:3
LH:3
BRF:0
BRH:0
end_of_record
TN:
SF:/Users/josefberthoud/Desktop/FEC-2/reviews-component/client/src/components/PageCarousel.jsx
FN:14,(anonymous_0)
FN:21,(anonymous_1)
FNF:2
FNH:2
FNDA:1,(anonymous_0)
FNDA:1,(anonymous_1)
DA:15,1
DA:17,1
DA:22,1
DA:23,1
DA:24,0
DA:34,1
LF:6
LH:5
BRDA:23,0,0,0
BRDA:23,0,1,1
BRDA:23,1,0,1
BRDA:23,1,1,0
BRF:4
BRH:2
end_of_record
TN:
SF:/Users/josefberthoud/Desktop/FEC-2/reviews-component/client/src/components/ReviewList.jsx
FN:8,(anonymous_0)
FN:14,(anonymous_1)
FNF:2
FNH:1
FNDA:1,(anonymous_0)
FNDA:0,(anonymous_1)
DA:8,1
DA:10,1
DA:11,1
DA:15,0
LF:4
LH:3
BRF:0
BRH:0
end_of_record
TN:
SF:/Users/josefberthoud/Desktop/FEC-2/reviews-component/client/src/components/ReviewListEntry.jsx
FN:5,(anonymous_0)
FNF:1
FNH:1
FNDA:1,(anonymous_0)
DA:5,1
DA:6,1
DA:7,1
LF:3
LH:3
BRF:0
BRH:0
end_of_record
TN:
SF:/Users/josefberthoud/Desktop/FEC-2/reviews-component/client/src/components/RightArrow.jsx
FN:3,(anonymous_0)
FNF:1
FNH:1
FNDA:1,(anonymous_0)
DA:3,1
DA:4,1
DA:5,1
LF:3
LH:3
BRF:0
BRH:0
end_of_record
TN:
SF:/Users/josefberthoud/Desktop/FEC-2/reviews-component/client/src/components/Search.jsx
FN:4,(anonymous_0)
FN:15,(anonymous_1)
FN:21,(anonymous_2)
FNF:3
FNH:2
FNDA:1,(anonymous_0)
FNDA:0,(anonymous_1)
FNDA:1,(anonymous_2)
DA:5,1
DA:7,1
DA:10,1
DA:16,0
DA:22,1
DA:23,1
DA:24,1
LF:7
LH:6
BRF:0
BRH:0
end_of_record
TN:
SF:/Users/josefberthoud/Desktop/FEC-2/reviews-component/client/src/components/SearchInfo.jsx
FN:6,(anonymous_0)
FNF:1
FNH:0
FNDA:0,(anonymous_0)
DA:6,1
DA:7,0
LF:2
LH:1
BRF:0
BRH:0
end_of_record
TN:
SF:/Users/josefberthoud/Desktop/FEC-2/reviews-component/client/src/components/SmartDiv.jsx
FN:4,(anonymous_0)
FN:14,(anonymous_1)
FNF:2
FNH:2
FNDA:1,(anonymous_0)
FNDA:1,(anonymous_1)
DA:5,1
DA:7,1
DA:15,1
DA:16,1
LF:4
LH:4
BRF:0
BRH:0
end_of_record
